-------------------------------------------------------------------------------
Test set: com.tsg.unittesting.DogBuddyTest
-------------------------------------------------------------------------------
Tests run: 1, Failures: 1, Errors: 0, Skipped: 0, Time elapsed: 0.034 sec <<< FAILURE! - in com.tsg.unittesting.DogBuddyTest
testHowManyWoofs  Time elapsed: 0.022 sec  <<< FAILURE!
org.opentest4j.AssertionFailedError: expected: <> but was: <Woof>
	at com.tsg.unittesting.DogBuddyTest.testHowManyWoofs(DogBuddyTest.java:49)

